2023/10/09 20:50:54 开启日志文件大小检测--
2023/10/09 20:50:54 当前大小：53, 最大大小:209715200, 未超过限制
2023/10/09 20:50:59 开启日志文件大小检测--
2023/10/09 20:50:59 当前大小：185, 最大大小:209715200, 未超过限制
2023/10/09 20:51:03 监听 剪切板：flag: true
2023/10/09 20:51:03 监听 剪切板：flag: false
2023/10/09 20:51:03 关闭监听剪贴板
2023/10/09 20:51:04 开启日志文件大小检测--
2023/10/09 20:51:04 当前大小：461, 最大大小:209715200, 未超过限制
2023/10/09 20:51:04 监听 剪切板：flag: true
2023/10/09 20:51:04 监听 剪切板：flag: false
2023/10/09 20:51:04 关闭监听剪贴板
2023/10/09 21:09:11 log：flag: false
2023/10/09 21:09:11 关闭日志
2023/10/09 21:09:11 log：flag: false
2023/10/09 21:09:11 关闭日志
2023/10/09 21:09:11 log：flag: false
2023/10/09 21:09:11 关闭日志
2023/10/09 21:09:12 log：flag: false
2023/10/09 21:09:12 关闭日志
2023/10/09 21:09:12 log：flag: false
2023/10/09 21:09:12 关闭日志
